<link rel="stylesheet" type="text/css" href="log.css"/>

    <div  class="LOG INFO">
        <span class="DATE">Fri, 09 Oct 2015 16:28:35</span>
        <span class="LEVEL">INFO</span>
        <span class="MSG">: Overall finplate connection design is safe 
</span>
    </div>

    <div  class="LOG DEBUG">
        <span class="DATE">Fri, 09 Oct 2015 16:28:35</span>
        <span class="LEVEL">DEBUG</span>
        <span class="MSG"> :=========End Of design===========</span>
    </div>

    <div  class="LOG INFO">
        <span class="DATE">Fri, 09 Oct 2015 16:28:35</span>
        <span class="LEVEL">INFO</span>
        <span class="MSG">: Overall finplate connection design is safe 
</span>
    </div>

    <div  class="LOG DEBUG">
        <span class="DATE">Fri, 09 Oct 2015 16:28:35</span>
        <span class="LEVEL">DEBUG</span>
        <span class="MSG"> :=========End Of design===========</span>
    </div>

    <div  class="LOG INFO">
        <span class="DATE">Fri, 09 Oct 2015 16:28:50</span>
        <span class="LEVEL">INFO</span>
        <span class="MSG">: Overall finplate connection design is safe 
</span>
    </div>

    <div  class="LOG DEBUG">
        <span class="DATE">Fri, 09 Oct 2015 16:28:50</span>
        <span class="LEVEL">DEBUG</span>
        <span class="MSG"> :=========End Of design===========</span>
    </div>
